<?xml version="1.0" encoding="UTF-8"?>
<!-- Generated by org.testng.reporters.JUnitReportReporter -->
<testsuite hostname="Kuntal" failures="0" tests="1" name="simplilearn.com.testng.Flipkart" time="17.759" errors="0" timestamp="2022-10-10T21:56:26 IST" skipped="0">
  <testcase classname="simplilearn.com.testng.Flipkart" name="flipkart" time="17.759"/>
  <system-out/>
</testsuite> <!-- simplilearn.com.testng.Flipkart -->
