<?xml version="1.0" encoding="UTF-8"?>
<!-- Generated by org.testng.reporters.JUnitReportReporter -->
<testsuite hostname="Kuntal" failures="0" tests="1" name="simplilearn.com.testng.FacebookLogin" time="4.522" errors="0" timestamp="2022-10-10T09:48:05 IST" skipped="0">
  <testcase classname="simplilearn.com.testng.FacebookLogin" name="facebook" time="4.522"/>
  <system-out/>
</testsuite> <!-- simplilearn.com.testng.FacebookLogin -->
